Flow report for Medipix_prj
Wed Sep 03 13:48:07 2014
Quartus II 64-Bit Version 10.0 Build 262 08/18/2010 Service Pack 1 SJ Full Version


---------------------
; Table of Contents ;
---------------------
  1. Legal Notice
  2. Flow Summary
  3. Flow Settings
  4. Flow Non-Default Global Settings
  5. Flow Elapsed Time
  6. Flow OS Summary
  7. Flow Log



----------------
; Legal Notice ;
----------------
Copyright (C) 1991-2010 Altera Corporation
Your use of Altera Corporation's design tools, logic functions 
and other software and tools, and its AMPP partner logic 
functions, and any output files from any of the foregoing 
(including device programming or simulation files), and any 
associated documentation or information are expressly subject 
to the terms and conditions of the Altera Program License 
Subscription Agreement, Altera MegaCore Function License 
Agreement, or other applicable license agreement, including, 
without limitation, that your use is for the sole purpose of 
programming logic devices manufactured by Altera and sold by 
Altera or its authorized distributors.  Please refer to the 
applicable agreement for further details.



+-------------------------------------------------------------------------------------+
; Flow Summary                                                                        ;
+------------------------------------+------------------------------------------------+
; Flow Status                        ; Successful - Wed Sep 03 13:48:07 2014          ;
; Quartus II 64-Bit Version          ; 10.0 Build 262 08/18/2010 SP 1 SJ Full Version ;
; Revision Name                      ; Medipix_prj                                    ;
; Top-level Entity Name              ; Top_Medipix                                    ;
; Family                             ; Cyclone IV E                                   ;
; Device                             ; EP4CE75F23C8                                   ;
; Timing Models                      ; Final                                          ;
; Met timing requirements            ; N/A                                            ;
; Total logic elements               ; 830 / 75,408 ( 1 % )                           ;
;     Total combinational functions  ; 502 / 75,408 ( < 1 % )                         ;
;     Dedicated logic registers      ; 670 / 75,408 ( < 1 % )                         ;
; Total registers                    ; 670                                            ;
; Total pins                         ; 114 / 293 ( 39 % )                             ;
; Total virtual pins                 ; 0                                              ;
; Total memory bits                  ; 110,592 / 2,810,880 ( 4 % )                    ;
; Embedded Multiplier 9-bit elements ; 0 / 400 ( 0 % )                                ;
; Total PLLs                         ; 1 / 4 ( 25 % )                                 ;
+------------------------------------+------------------------------------------------+


+-----------------------------------------+
; Flow Settings                           ;
+-------------------+---------------------+
; Option            ; Setting             ;
+-------------------+---------------------+
; Start date & time ; 09/03/2014 13:47:42 ;
; Main task         ; Compilation         ;
; Revision Name     ; Medipix_prj         ;
+-------------------+---------------------+


+-----------------------------------------------------------------------------------------------------------------------------------------------------------------------------------------------------------------------------------------------+
; Flow Non-Default Global Settings                                                                                                                                                                                                              ;
+----------------------------------------------+--------------------------------------------------------------------------------------------------------------------------------+------------------------------+-------------+------------------+
; Assignment Name                              ; Value                                                                                                                          ; Default Value                ; Entity Name ; Section Id       ;
+----------------------------------------------+--------------------------------------------------------------------------------------------------------------------------------+------------------------------+-------------+------------------+
; ADV_NETLIST_OPT_SYNTH_WYSIWYG_REMAP          ; On                                                                                                                             ; Off                          ; --          ; --               ;
; AUTO_PACKED_REGISTERS_STRATIXII              ; Normal                                                                                                                         ; Auto                         ; --          ; --               ;
; COMPILER_SIGNATURE_ID                        ; 74144331269.140976286208340                                                                                                    ; --                           ; --          ; --               ;
; CYCLONEII_OPTIMIZATION_TECHNIQUE             ; Speed                                                                                                                          ; Balanced                     ; --          ; --               ;
; ENABLE_SIGNALTAP                             ; On                                                                                                                             ; --                           ; --          ; --               ;
; FITTER_EFFORT                                ; Standard Fit                                                                                                                   ; Auto Fit                     ; --          ; --               ;
; HDL_MESSAGE_ON                               ; 10230                                                                                                                          ; --                           ; --          ; --               ;
; HDL_MESSAGE_ON                               ; 10261                                                                                                                          ; --                           ; --          ; --               ;
; HDL_MESSAGE_ON                               ; 10268                                                                                                                          ; --                           ; --          ; --               ;
; HDL_MESSAGE_ON                               ; 10270                                                                                                                          ; --                           ; --          ; --               ;
; HDL_MESSAGE_ON                               ; 10271                                                                                                                          ; --                           ; --          ; --               ;
; INCREMENTAL_COMPILATION                      ; Off                                                                                                                            ; FULL_INCREMENTAL_COMPILATION ; --          ; --               ;
; MAX_CORE_JUNCTION_TEMP                       ; 85                                                                                                                             ; --                           ; --          ; --               ;
; MIN_CORE_JUNCTION_TEMP                       ; 0                                                                                                                              ; --                           ; --          ; --               ;
; MISC_FILE                                    ; D:/ARQ/Prototipo_Medipix/Projeto/4_Quarta_fase_ADJ/Medipix_0/Medipix_prj.dpf                                                   ; --                           ; --          ; --               ;
; NUM_PARALLEL_PROCESSORS                      ; 4                                                                                                                              ; --                           ; --          ; --               ;
; OPTIMIZE_POWER_DURING_FITTING                ; Off                                                                                                                            ; Normal compilation           ; --          ; --               ;
; OPTIMIZE_POWER_DURING_SYNTHESIS              ; Off                                                                                                                            ; Normal compilation           ; --          ; --               ;
; OUTPUT_IO_TIMING_ENDPOINT                    ; Near End                                                                                                                       ; --                           ; --          ; --               ;
; POWER_BOARD_THERMAL_MODEL                    ; None (CONSERVATIVE)                                                                                                            ; --                           ; --          ; --               ;
; POWER_PRESET_COOLING_SOLUTION                ; 23 MM HEAT SINK WITH 200 LFPM AIRFLOW                                                                                          ; --                           ; --          ; --               ;
; ROUTER_LCELL_INSERTION_AND_LOGIC_DUPLICATION ; On                                                                                                                             ; Auto                         ; --          ; --               ;
; SLD_NODE_CREATOR_ID                          ; 110                                                                                                                            ; --                           ; --          ; auto_signaltap_3 ;
; SLD_NODE_ENTITY_NAME                         ; sld_signaltap                                                                                                                  ; --                           ; --          ; auto_signaltap_3 ;
; SLD_NODE_PARAMETER_ASSIGNMENT                ; SLD_NODE_INFO=805334531                                                                                                        ; --                           ; --          ; auto_signaltap_3 ;
; SLD_NODE_PARAMETER_ASSIGNMENT                ; SLD_POWER_UP_TRIGGER=0                                                                                                         ; --                           ; --          ; auto_signaltap_3 ;
; SLD_NODE_PARAMETER_ASSIGNMENT                ; SLD_STORAGE_QUALIFIER_INVERSION_MASK_LENGTH=0                                                                                  ; --                           ; --          ; auto_signaltap_3 ;
; SLD_NODE_PARAMETER_ASSIGNMENT                ; SLD_ATTRIBUTE_MEM_MODE=OFF                                                                                                     ; --                           ; --          ; auto_signaltap_3 ;
; SLD_NODE_PARAMETER_ASSIGNMENT                ; SLD_STATE_FLOW_USE_GENERATED=0                                                                                                 ; --                           ; --          ; auto_signaltap_3 ;
; SLD_NODE_PARAMETER_ASSIGNMENT                ; SLD_STATE_BITS=11                                                                                                              ; --                           ; --          ; auto_signaltap_3 ;
; SLD_NODE_PARAMETER_ASSIGNMENT                ; SLD_BUFFER_FULL_STOP=1                                                                                                         ; --                           ; --          ; auto_signaltap_3 ;
; SLD_NODE_PARAMETER_ASSIGNMENT                ; SLD_CURRENT_RESOURCE_WIDTH=1                                                                                                   ; --                           ; --          ; auto_signaltap_3 ;
; SLD_NODE_PARAMETER_ASSIGNMENT                ; SLD_TRIGGER_LEVEL=1                                                                                                            ; --                           ; --          ; auto_signaltap_3 ;
; SLD_NODE_PARAMETER_ASSIGNMENT                ; SLD_TRIGGER_IN_ENABLED=0                                                                                                       ; --                           ; --          ; auto_signaltap_3 ;
; SLD_NODE_PARAMETER_ASSIGNMENT                ; SLD_ADVANCED_TRIGGER_ENTITY=basic,1,                                                                                           ; --                           ; --          ; auto_signaltap_3 ;
; SLD_NODE_PARAMETER_ASSIGNMENT                ; SLD_TRIGGER_LEVEL_PIPELINE=1                                                                                                   ; --                           ; --          ; auto_signaltap_3 ;
; SLD_NODE_PARAMETER_ASSIGNMENT                ; SLD_ENABLE_ADVANCED_TRIGGER=0                                                                                                  ; --                           ; --          ; auto_signaltap_3 ;
; SLD_NODE_PARAMETER_ASSIGNMENT                ; SLD_SEGMENT_SIZE=4096                                                                                                          ; --                           ; --          ; auto_signaltap_3 ;
; SLD_NODE_PARAMETER_ASSIGNMENT                ; SLD_SAMPLE_DEPTH=4096                                                                                                          ; --                           ; --          ; auto_signaltap_3 ;
; SLD_NODE_PARAMETER_ASSIGNMENT                ; SLD_DATA_BITS=27                                                                                                               ; --                           ; --          ; auto_signaltap_3 ;
; SLD_NODE_PARAMETER_ASSIGNMENT                ; SLD_TRIGGER_BITS=27                                                                                                            ; --                           ; --          ; auto_signaltap_3 ;
; SLD_NODE_PARAMETER_ASSIGNMENT                ; SLD_INVERSION_MASK=00000000000000000000000000000000000000000000000000000000000000000000000000000000000000000000000000000000000 ; --                           ; --          ; auto_signaltap_3 ;
; SLD_NODE_PARAMETER_ASSIGNMENT                ; SLD_INVERSION_MASK_LENGTH=107                                                                                                  ; --                           ; --          ; auto_signaltap_3 ;
; SLD_NODE_PARAMETER_ASSIGNMENT                ; SLD_NODE_CRC_LOWORD=21607                                                                                                      ; --                           ; --          ; auto_signaltap_3 ;
; SLD_NODE_PARAMETER_ASSIGNMENT                ; SLD_NODE_CRC_HIWORD=35421                                                                                                      ; --                           ; --          ; auto_signaltap_3 ;
; SMART_RECOMPILE                              ; On                                                                                                                             ; Off                          ; --          ; --               ;
; TOP_LEVEL_ENTITY                             ; Top_Medipix                                                                                                                    ; Medipix_prj                  ; --          ; --               ;
; USE_SIGNALTAP_FILE                           ; stp1.stp                                                                                                                       ; --                           ; --          ; --               ;
; VHDL_SHOW_LMF_MAPPING_MESSAGES               ; Off                                                                                                                            ; --                           ; --          ; --               ;
+----------------------------------------------+--------------------------------------------------------------------------------------------------------------------------------+------------------------------+-------------+------------------+


+-------------------------------------------------------------------------------------------------------------------------------+
; Flow Elapsed Time                                                                                                             ;
+---------------------------+--------------+-------------------------+---------------------+------------------------------------+
; Module Name               ; Elapsed Time ; Average Processors Used ; Peak Virtual Memory ; Total CPU Time (on all processors) ;
+---------------------------+--------------+-------------------------+---------------------+------------------------------------+
; Analysis & Synthesis      ; 00:00:04     ; 1.0                     ; 414 MB              ; 00:00:04                           ;
; Fitter                    ; 00:00:12     ; 2.6                     ; 633 MB              ; 00:00:16                           ;
; TimeQuest Timing Analyzer ; 00:00:03     ; 1.5                     ; 419 MB              ; 00:00:04                           ;
; Assembler                 ; 00:00:04     ; 1.0                     ; 478 MB              ; 00:00:04                           ;
; Total                     ; 00:00:23     ; --                      ; --                  ; 00:00:28                           ;
+---------------------------+--------------+-------------------------+---------------------+------------------------------------+


+----------------------------------------------------------------------------------------+
; Flow OS Summary                                                                        ;
+---------------------------+------------------+-----------+------------+----------------+
; Module Name               ; Machine Hostname ; OS Name   ; OS Version ; Processor type ;
+---------------------------+------------------+-----------+------------+----------------+
; Analysis & Synthesis      ; LNLS267          ; Windows 7 ; 6.1        ; x86_64         ;
; Fitter                    ; LNLS267          ; Windows 7 ; 6.1        ; x86_64         ;
; TimeQuest Timing Analyzer ; LNLS267          ; Windows 7 ; 6.1        ; x86_64         ;
; Assembler                 ; LNLS267          ; Windows 7 ; 6.1        ; x86_64         ;
+---------------------------+------------------+-----------+------------+----------------+


------------
; Flow Log ;
------------
quartus_map --read_settings_files=on --write_settings_files=off Medipix_prj -c Medipix_prj
quartus_fit --read_settings_files=on --write_settings_files=off Medipix_prj -c Medipix_prj
quartus_sta Medipix_prj -c Medipix_prj
quartus_asm --read_settings_files=off --write_settings_files=off Medipix_prj -c Medipix_prj



