Flow report for Medipix_prj
Tue Aug 19 11:01:01 2014
Quartus II 64-Bit Version 10.0 Build 262 08/18/2010 Service Pack 1 SJ Full Version


---------------------
; Table of Contents ;
---------------------
  1. Legal Notice
  2. Flow Summary
  3. Flow Settings
  4. Flow Non-Default Global Settings
  5. Flow Elapsed Time
  6. Flow OS Summary
  7. Flow Log



----------------
; Legal Notice ;
----------------
Copyright (C) 1991-2010 Altera Corporation
Your use of Altera Corporation's design tools, logic functions 
and other software and tools, and its AMPP partner logic 
functions, and any output files from any of the foregoing 
(including device programming or simulation files), and any 
associated documentation or information are expressly subject 
to the terms and conditions of the Altera Program License 
Subscription Agreement, Altera MegaCore Function License 
Agreement, or other applicable license agreement, including, 
without limitation, that your use is for the sole purpose of 
programming logic devices manufactured by Altera and sold by 
Altera or its authorized distributors.  Please refer to the 
applicable agreement for further details.



+-------------------------------------------------------------------------------------+
; Flow Summary                                                                        ;
+------------------------------------+------------------------------------------------+
; Flow Status                        ; Successful - Tue Aug 19 10:59:23 2014          ;
; Quartus II 64-Bit Version          ; 10.0 Build 262 08/18/2010 SP 1 SJ Full Version ;
; Revision Name                      ; Medipix_prj                                    ;
; Top-level Entity Name              ; Top_Medipix                                    ;
; Family                             ; Cyclone IV E                                   ;
; Device                             ; EP4CE75F23C8                                   ;
; Timing Models                      ; Final                                          ;
; Met timing requirements            ; N/A                                            ;
; Total logic elements               ; 16,105 / 75,408 ( 21 % )                       ;
;     Total combinational functions  ; 13,751 / 75,408 ( 18 % )                       ;
;     Dedicated logic registers      ; 9,945 / 75,408 ( 13 % )                        ;
; Total registers                    ; 10053                                          ;
; Total pins                         ; 112 / 293 ( 38 % )                             ;
; Total virtual pins                 ; 0                                              ;
; Total memory bits                  ; 1,460,192 / 2,810,880 ( 52 % )                 ;
; Embedded Multiplier 9-bit elements ; 4 / 400 ( 1 % )                                ;
; Total PLLs                         ; 2 / 4 ( 50 % )                                 ;
+------------------------------------+------------------------------------------------+


+-----------------------------------------+
; Flow Settings                           ;
+-------------------+---------------------+
; Option            ; Setting             ;
+-------------------+---------------------+
; Start date & time ; 08/19/2014 10:54:42 ;
; Main task         ; Compilation         ;
; Revision Name     ; Medipix_prj         ;
+-------------------+---------------------+


+------------------------------------------------------------------------------------------------------------------------------------------------------------------------------------------------------------------------------------------------------------------------------------------+
; Flow Non-Default Global Settings                                                                                                                                                                                                                                                         ;
+----------------------------------+---------------------------------------------------------------------------------------------------------------------------------------------------------------------------------------+------------------------------+-------------+------------------+
; Assignment Name                  ; Value                                                                                                                                                                                 ; Default Value                ; Entity Name ; Section Id       ;
+----------------------------------+---------------------------------------------------------------------------------------------------------------------------------------------------------------------------------------+------------------------------+-------------+------------------+
; COMPILER_SIGNATURE_ID            ; 74144331269.140845648206164                                                                                                                                                           ; --                           ; --          ; --               ;
; CYCLONEII_OPTIMIZATION_TECHNIQUE ; Speed                                                                                                                                                                                 ; Balanced                     ; --          ; --               ;
; ENABLE_SIGNALTAP                 ; On                                                                                                                                                                                    ; --                           ; --          ; --               ;
; FITTER_EFFORT                    ; Standard Fit                                                                                                                                                                          ; Auto Fit                     ; --          ; --               ;
; INCREMENTAL_COMPILATION          ; Off                                                                                                                                                                                   ; FULL_INCREMENTAL_COMPILATION ; --          ; --               ;
; IP_TOOL_NAME                     ; ALTPLL                                                                                                                                                                                ; --                           ; --          ; --               ;
; IP_TOOL_NAME                     ; FIFO                                                                                                                                                                                  ; --                           ; --          ; --               ;
; IP_TOOL_VERSION                  ; 10.0                                                                                                                                                                                  ; --                           ; --          ; --               ;
; IP_TOOL_VERSION                  ; 10.0                                                                                                                                                                                  ; --                           ; --          ; --               ;
; MAX_CORE_JUNCTION_TEMP           ; 85                                                                                                                                                                                    ; --                           ; --          ; --               ;
; MIN_CORE_JUNCTION_TEMP           ; 0                                                                                                                                                                                     ; --                           ; --          ; --               ;
; MISC_FILE                        ; D:/ARQ/Prototipo_Medipix/Projeto/Testes/Medipix_drive_eq/Medipix_prj.dpf                                                                                                              ; --                           ; --          ; --               ;
; MISC_FILE                        ; Modules/m_Cpu_PLL/cpu_pll_bb.v                                                                                                                                                        ; --                           ; --          ; --               ;
; MISC_FILE                        ; Modules/m_Cpu_PLL/cpu_pll.ppf                                                                                                                                                         ; --                           ; --          ; --               ;
; MISC_FILE                        ; Modules/m_Rx_Equalize/IP/Equalize_Fifo.cmp                                                                                                                                            ; --                           ; --          ; --               ;
; NUM_PARALLEL_PROCESSORS          ; 4                                                                                                                                                                                     ; --                           ; --          ; --               ;
; OPTIMIZE_HOLD_TIMING             ; Off                                                                                                                                                                                   ; All Paths                    ; --          ; --               ;
; OPTIMIZE_POWER_DURING_FITTING    ; Off                                                                                                                                                                                   ; Normal compilation           ; --          ; --               ;
; OPTIMIZE_POWER_DURING_SYNTHESIS  ; Off                                                                                                                                                                                   ; Normal compilation           ; --          ; --               ;
; OUTPUT_IO_TIMING_ENDPOINT        ; Near End                                                                                                                                                                              ; --                           ; --          ; --               ;
; POWER_BOARD_THERMAL_MODEL        ; None (CONSERVATIVE)                                                                                                                                                                   ; --                           ; --          ; --               ;
; POWER_PRESET_COOLING_SOLUTION    ; 23 MM HEAT SINK WITH 200 LFPM AIRFLOW                                                                                                                                                 ; --                           ; --          ; --               ;
; SLD_NODE_CREATOR_ID              ; 110                                                                                                                                                                                   ; --                           ; --          ; auto_signaltap_4 ;
; SLD_NODE_CREATOR_ID              ; 110                                                                                                                                                                                   ; --                           ; --          ; auto_signaltap_5 ;
; SLD_NODE_ENTITY_NAME             ; sld_signaltap                                                                                                                                                                         ; --                           ; --          ; auto_signaltap_4 ;
; SLD_NODE_ENTITY_NAME             ; sld_signaltap                                                                                                                                                                         ; --                           ; --          ; auto_signaltap_5 ;
; SLD_NODE_PARAMETER_ASSIGNMENT    ; SLD_NODE_INFO=805334532                                                                                                                                                               ; --                           ; --          ; auto_signaltap_4 ;
; SLD_NODE_PARAMETER_ASSIGNMENT    ; SLD_POWER_UP_TRIGGER=0                                                                                                                                                                ; --                           ; --          ; auto_signaltap_4 ;
; SLD_NODE_PARAMETER_ASSIGNMENT    ; SLD_STORAGE_QUALIFIER_INVERSION_MASK_LENGTH=0                                                                                                                                         ; --                           ; --          ; auto_signaltap_4 ;
; SLD_NODE_PARAMETER_ASSIGNMENT    ; SLD_ATTRIBUTE_MEM_MODE=OFF                                                                                                                                                            ; --                           ; --          ; auto_signaltap_4 ;
; SLD_NODE_PARAMETER_ASSIGNMENT    ; SLD_STATE_FLOW_USE_GENERATED=0                                                                                                                                                        ; --                           ; --          ; auto_signaltap_4 ;
; SLD_NODE_PARAMETER_ASSIGNMENT    ; SLD_STATE_BITS=11                                                                                                                                                                     ; --                           ; --          ; auto_signaltap_4 ;
; SLD_NODE_PARAMETER_ASSIGNMENT    ; SLD_BUFFER_FULL_STOP=1                                                                                                                                                                ; --                           ; --          ; auto_signaltap_4 ;
; SLD_NODE_PARAMETER_ASSIGNMENT    ; SLD_CURRENT_RESOURCE_WIDTH=1                                                                                                                                                          ; --                           ; --          ; auto_signaltap_4 ;
; SLD_NODE_PARAMETER_ASSIGNMENT    ; SLD_TRIGGER_LEVEL=1                                                                                                                                                                   ; --                           ; --          ; auto_signaltap_4 ;
; SLD_NODE_PARAMETER_ASSIGNMENT    ; SLD_TRIGGER_IN_ENABLED=0                                                                                                                                                              ; --                           ; --          ; auto_signaltap_4 ;
; SLD_NODE_PARAMETER_ASSIGNMENT    ; SLD_ADVANCED_TRIGGER_ENTITY=basic,1,                                                                                                                                                  ; --                           ; --          ; auto_signaltap_4 ;
; SLD_NODE_PARAMETER_ASSIGNMENT    ; SLD_TRIGGER_LEVEL_PIPELINE=1                                                                                                                                                          ; --                           ; --          ; auto_signaltap_4 ;
; SLD_NODE_PARAMETER_ASSIGNMENT    ; SLD_ENABLE_ADVANCED_TRIGGER=0                                                                                                                                                         ; --                           ; --          ; auto_signaltap_4 ;
; SLD_NODE_PARAMETER_ASSIGNMENT    ; SLD_SEGMENT_SIZE=2048                                                                                                                                                                 ; --                           ; --          ; auto_signaltap_4 ;
; SLD_NODE_PARAMETER_ASSIGNMENT    ; SLD_SAMPLE_DEPTH=2048                                                                                                                                                                 ; --                           ; --          ; auto_signaltap_4 ;
; SLD_NODE_PARAMETER_ASSIGNMENT    ; SLD_DATA_BITS=40                                                                                                                                                                      ; --                           ; --          ; auto_signaltap_4 ;
; SLD_NODE_PARAMETER_ASSIGNMENT    ; SLD_TRIGGER_BITS=40                                                                                                                                                                   ; --                           ; --          ; auto_signaltap_4 ;
; SLD_NODE_PARAMETER_ASSIGNMENT    ; SLD_INVERSION_MASK=0000000000000000000000000000000000000000000000000000000000000000000000000000000000000000000000000000000000000000000000000000000000000000000000000                  ; --                           ; --          ; auto_signaltap_4 ;
; SLD_NODE_PARAMETER_ASSIGNMENT    ; SLD_INVERSION_MASK_LENGTH=145                                                                                                                                                         ; --                           ; --          ; auto_signaltap_4 ;
; SLD_NODE_PARAMETER_ASSIGNMENT    ; SLD_NODE_CRC_LOWORD=53786                                                                                                                                                             ; --                           ; --          ; auto_signaltap_4 ;
; SLD_NODE_PARAMETER_ASSIGNMENT    ; SLD_NODE_CRC_HIWORD=39188                                                                                                                                                             ; --                           ; --          ; auto_signaltap_4 ;
; SLD_NODE_PARAMETER_ASSIGNMENT    ; SLD_NODE_INFO=805334533                                                                                                                                                               ; --                           ; --          ; auto_signaltap_5 ;
; SLD_NODE_PARAMETER_ASSIGNMENT    ; SLD_POWER_UP_TRIGGER=0                                                                                                                                                                ; --                           ; --          ; auto_signaltap_5 ;
; SLD_NODE_PARAMETER_ASSIGNMENT    ; SLD_STORAGE_QUALIFIER_INVERSION_MASK_LENGTH=0                                                                                                                                         ; --                           ; --          ; auto_signaltap_5 ;
; SLD_NODE_PARAMETER_ASSIGNMENT    ; SLD_SEGMENT_SIZE=1024                                                                                                                                                                 ; --                           ; --          ; auto_signaltap_5 ;
; SLD_NODE_PARAMETER_ASSIGNMENT    ; SLD_ATTRIBUTE_MEM_MODE=OFF                                                                                                                                                            ; --                           ; --          ; auto_signaltap_5 ;
; SLD_NODE_PARAMETER_ASSIGNMENT    ; SLD_STATE_FLOW_USE_GENERATED=0                                                                                                                                                        ; --                           ; --          ; auto_signaltap_5 ;
; SLD_NODE_PARAMETER_ASSIGNMENT    ; SLD_STATE_BITS=11                                                                                                                                                                     ; --                           ; --          ; auto_signaltap_5 ;
; SLD_NODE_PARAMETER_ASSIGNMENT    ; SLD_BUFFER_FULL_STOP=1                                                                                                                                                                ; --                           ; --          ; auto_signaltap_5 ;
; SLD_NODE_PARAMETER_ASSIGNMENT    ; SLD_CURRENT_RESOURCE_WIDTH=1                                                                                                                                                          ; --                           ; --          ; auto_signaltap_5 ;
; SLD_NODE_PARAMETER_ASSIGNMENT    ; SLD_TRIGGER_LEVEL=1                                                                                                                                                                   ; --                           ; --          ; auto_signaltap_5 ;
; SLD_NODE_PARAMETER_ASSIGNMENT    ; SLD_SAMPLE_DEPTH=1024                                                                                                                                                                 ; --                           ; --          ; auto_signaltap_5 ;
; SLD_NODE_PARAMETER_ASSIGNMENT    ; SLD_TRIGGER_IN_ENABLED=0                                                                                                                                                              ; --                           ; --          ; auto_signaltap_5 ;
; SLD_NODE_PARAMETER_ASSIGNMENT    ; SLD_ADVANCED_TRIGGER_ENTITY=basic,1,                                                                                                                                                  ; --                           ; --          ; auto_signaltap_5 ;
; SLD_NODE_PARAMETER_ASSIGNMENT    ; SLD_TRIGGER_LEVEL_PIPELINE=1                                                                                                                                                          ; --                           ; --          ; auto_signaltap_5 ;
; SLD_NODE_PARAMETER_ASSIGNMENT    ; SLD_ENABLE_ADVANCED_TRIGGER=0                                                                                                                                                         ; --                           ; --          ; auto_signaltap_5 ;
; SLD_NODE_PARAMETER_ASSIGNMENT    ; SLD_DATA_BITS=46                                                                                                                                                                      ; --                           ; --          ; auto_signaltap_5 ;
; SLD_NODE_PARAMETER_ASSIGNMENT    ; SLD_TRIGGER_BITS=46                                                                                                                                                                   ; --                           ; --          ; auto_signaltap_5 ;
; SLD_NODE_PARAMETER_ASSIGNMENT    ; SLD_INVERSION_MASK=000000000000000000000000000000000000000000000000000000000000000000000000000000000000000000000000000000000000000000000000000000000000000000000000000000000000000000 ; --                           ; --          ; auto_signaltap_5 ;
; SLD_NODE_PARAMETER_ASSIGNMENT    ; SLD_INVERSION_MASK_LENGTH=162                                                                                                                                                         ; --                           ; --          ; auto_signaltap_5 ;
; SLD_NODE_PARAMETER_ASSIGNMENT    ; SLD_NODE_CRC_LOWORD=55197                                                                                                                                                             ; --                           ; --          ; auto_signaltap_5 ;
; SLD_NODE_PARAMETER_ASSIGNMENT    ; SLD_NODE_CRC_HIWORD=20030                                                                                                                                                             ; --                           ; --          ; auto_signaltap_5 ;
; SMART_RECOMPILE                  ; On                                                                                                                                                                                    ; Off                          ; --          ; --               ;
; SOPC_BUILDER_SIGNATURE_ID        ; 74867AFB78C700000147A128E5C9                                                                                                                                                          ; --                           ; --          ; --               ;
; TOP_LEVEL_ENTITY                 ; Top_Medipix                                                                                                                                                                           ; Medipix_prj                  ; --          ; --               ;
; USE_SIGNALTAP_FILE               ; stp1.stp                                                                                                                                                                              ; --                           ; --          ; --               ;
; VHDL_SHOW_LMF_MAPPING_MESSAGES   ; Off                                                                                                                                                                                   ; --                           ; --          ; --               ;
+----------------------------------+---------------------------------------------------------------------------------------------------------------------------------------------------------------------------------------+------------------------------+-------------+------------------+


+-------------------------------------------------------------------------------------------------------------------------------+
; Flow Elapsed Time                                                                                                             ;
+---------------------------+--------------+-------------------------+---------------------+------------------------------------+
; Module Name               ; Elapsed Time ; Average Processors Used ; Peak Virtual Memory ; Total CPU Time (on all processors) ;
+---------------------------+--------------+-------------------------+---------------------+------------------------------------+
; Analysis & Synthesis      ; 00:02:12     ; 1.0                     ; 807 MB              ; 00:02:10                           ;
; Fitter                    ; 00:02:19     ; 2.5                     ; 886 MB              ; 00:03:13                           ;
; Assembler                 ; 00:00:05     ; 1.0                     ; 543 MB              ; 00:00:05                           ;
; TimeQuest Timing Analyzer ; 00:01:41     ; 1.3                     ; 772 MB              ; 00:01:50                           ;
; Total                     ; 00:06:17     ; --                      ; --                  ; 00:07:18                           ;
+---------------------------+--------------+-------------------------+---------------------+------------------------------------+


+----------------------------------------------------------------------------------------+
; Flow OS Summary                                                                        ;
+---------------------------+------------------+-----------+------------+----------------+
; Module Name               ; Machine Hostname ; OS Name   ; OS Version ; Processor type ;
+---------------------------+------------------+-----------+------------+----------------+
; Analysis & Synthesis      ; LNLS267          ; Windows 7 ; 6.1        ; x86_64         ;
; Fitter                    ; LNLS267          ; Windows 7 ; 6.1        ; x86_64         ;
; Assembler                 ; LNLS267          ; Windows 7 ; 6.1        ; x86_64         ;
; TimeQuest Timing Analyzer ; LNLS267          ; Windows 7 ; 6.1        ; x86_64         ;
+---------------------------+------------------+-----------+------------+----------------+


------------
; Flow Log ;
------------
quartus_map --read_settings_files=on --write_settings_files=off Medipix_prj -c Medipix_prj
quartus_fit --read_settings_files=off --write_settings_files=off Medipix_prj -c Medipix_prj
quartus_asm --read_settings_files=off --write_settings_files=off Medipix_prj -c Medipix_prj
quartus_sta Medipix_prj -c Medipix_prj



