Flow report for MedOIP
Tue Apr 22 18:08:23 2014
Quartus II 64-Bit Version 10.0 Build 262 08/18/2010 Service Pack 1 SJ Full Version


---------------------
; Table of Contents ;
---------------------
  1. Legal Notice
  2. Flow Summary
  3. Flow Settings
  4. Flow Non-Default Global Settings
  5. Flow Elapsed Time
  6. Flow OS Summary
  7. Flow Log



----------------
; Legal Notice ;
----------------
Copyright (C) 1991-2010 Altera Corporation
Your use of Altera Corporation's design tools, logic functions 
and other software and tools, and its AMPP partner logic 
functions, and any output files from any of the foregoing 
(including device programming or simulation files), and any 
associated documentation or information are expressly subject 
to the terms and conditions of the Altera Program License 
Subscription Agreement, Altera MegaCore Function License 
Agreement, or other applicable license agreement, including, 
without limitation, that your use is for the sole purpose of 
programming logic devices manufactured by Altera and sold by 
Altera or its authorized distributors.  Please refer to the 
applicable agreement for further details.



+-------------------------------------------------------------------------------------+
; Flow Summary                                                                        ;
+------------------------------------+------------------------------------------------+
; Flow Status                        ; Successful - Tue Apr 22 18:08:23 2014          ;
; Quartus II 64-Bit Version          ; 10.0 Build 262 08/18/2010 SP 1 SJ Full Version ;
; Revision Name                      ; MedOIP                                         ;
; Top-level Entity Name              ; Top_MedOIP                                     ;
; Family                             ; Cyclone IV E                                   ;
; Device                             ; EP4CE75F23C8                                   ;
; Timing Models                      ; Final                                          ;
; Met timing requirements            ; N/A                                            ;
; Total logic elements               ; 1,520 / 75,408 ( 2 % )                         ;
;     Total combinational functions  ; 1,048 / 75,408 ( 1 % )                         ;
;     Dedicated logic registers      ; 1,144 / 75,408 ( 2 % )                         ;
; Total registers                    ; 1144                                           ;
; Total pins                         ; 20 / 293 ( 7 % )                               ;
; Total virtual pins                 ; 0                                              ;
; Total memory bits                  ; 129,616 / 2,810,880 ( 5 % )                    ;
; Embedded Multiplier 9-bit elements ; 0 / 400 ( 0 % )                                ;
; Total PLLs                         ; 1 / 4 ( 25 % )                                 ;
+------------------------------------+------------------------------------------------+


+-----------------------------------------+
; Flow Settings                           ;
+-------------------+---------------------+
; Option            ; Setting             ;
+-------------------+---------------------+
; Start date & time ; 04/22/2014 18:07:56 ;
; Main task         ; Compilation         ;
; Revision Name     ; MedOIP              ;
+-------------------+---------------------+


+-------------------------------------------------------------------------------------------------------------------------------------------------------------------------------------------------------------------------------------------------------------------------------------------------------------------------+
; Flow Non-Default Global Settings                                                                                                                                                                                                                                                                                        ;
+-------------------------------------+-------------------------------------------------------------------------------------------------------------------------------------------------------------------------------------------------------------------+------------------------------+-------------+------------------+
; Assignment Name                     ; Value                                                                                                                                                                                                             ; Default Value                ; Entity Name ; Section Id       ;
+-------------------------------------+-------------------------------------------------------------------------------------------------------------------------------------------------------------------------------------------------------------------+------------------------------+-------------+------------------+
; COMPILER_SIGNATURE_ID               ; 74144331269.139820087602152                                                                                                                                                                                       ; --                           ; --          ; --               ;
; CYCLONEII_OPTIMIZATION_TECHNIQUE    ; Speed                                                                                                                                                                                                             ; Balanced                     ; --          ; --               ;
; ENABLE_SIGNALTAP                    ; On                                                                                                                                                                                                                ; --                           ; --          ; --               ;
; FITTER_EFFORT                       ; Standard Fit                                                                                                                                                                                                      ; Auto Fit                     ; --          ; --               ;
; INCREMENTAL_COMPILATION             ; Off                                                                                                                                                                                                               ; FULL_INCREMENTAL_COMPILATION ; --          ; --               ;
; IP_TOOL_NAME                        ; ALTPLL                                                                                                                                                                                                            ; --                           ; --          ; --               ;
; IP_TOOL_VERSION                     ; 10.0                                                                                                                                                                                                              ; --                           ; --          ; --               ;
; MAX_CORE_JUNCTION_TEMP              ; 85                                                                                                                                                                                                                ; --                           ; --          ; --               ;
; MIN_CORE_JUNCTION_TEMP              ; 0                                                                                                                                                                                                                 ; --                           ; --          ; --               ;
; MISC_FILE                           ; C:/Users/franz.couto/Desktop/Prototipo_Medipix/Projeto/MedOIP/MedipixOIP/MedOIP.dpf                                                                                                                               ; --                           ; --          ; --               ;
; MISC_FILE                           ; modulos/Top_pll.cmp                                                                                                                                                                                               ; --                           ; --          ; --               ;
; MISC_FILE                           ; modulos/Top_pll.ppf                                                                                                                                                                                               ; --                           ; --          ; --               ;
; NUM_PARALLEL_PROCESSORS             ; All                                                                                                                                                                                                               ; --                           ; --          ; --               ;
; OUTPUT_IO_TIMING_ENDPOINT           ; Near End                                                                                                                                                                                                          ; --                           ; --          ; --               ;
; PARTITION_COLOR                     ; 16764057                                                                                                                                                                                                          ; --                           ; Top_MedOIP  ; Top              ;
; PARTITION_FITTER_PRESERVATION_LEVEL ; PLACEMENT_AND_ROUTING                                                                                                                                                                                             ; --                           ; Top_MedOIP  ; Top              ;
; PARTITION_NETLIST_TYPE              ; SOURCE                                                                                                                                                                                                            ; --                           ; Top_MedOIP  ; Top              ;
; POWER_BOARD_THERMAL_MODEL           ; None (CONSERVATIVE)                                                                                                                                                                                               ; --                           ; --          ; --               ;
; POWER_PRESET_COOLING_SOLUTION       ; 23 MM HEAT SINK WITH 200 LFPM AIRFLOW                                                                                                                                                                             ; --                           ; --          ; --               ;
; SLD_NODE_CREATOR_ID                 ; 110                                                                                                                                                                                                               ; --                           ; --          ; auto_signaltap_0 ;
; SLD_NODE_ENTITY_NAME                ; sld_signaltap                                                                                                                                                                                                     ; --                           ; --          ; auto_signaltap_0 ;
; SLD_NODE_PARAMETER_ASSIGNMENT       ; SLD_NODE_INFO=805334528                                                                                                                                                                                           ; --                           ; --          ; auto_signaltap_0 ;
; SLD_NODE_PARAMETER_ASSIGNMENT       ; SLD_POWER_UP_TRIGGER=0                                                                                                                                                                                            ; --                           ; --          ; auto_signaltap_0 ;
; SLD_NODE_PARAMETER_ASSIGNMENT       ; SLD_STORAGE_QUALIFIER_INVERSION_MASK_LENGTH=0                                                                                                                                                                     ; --                           ; --          ; auto_signaltap_0 ;
; SLD_NODE_PARAMETER_ASSIGNMENT       ; SLD_ATTRIBUTE_MEM_MODE=OFF                                                                                                                                                                                        ; --                           ; --          ; auto_signaltap_0 ;
; SLD_NODE_PARAMETER_ASSIGNMENT       ; SLD_STATE_FLOW_USE_GENERATED=0                                                                                                                                                                                    ; --                           ; --          ; auto_signaltap_0 ;
; SLD_NODE_PARAMETER_ASSIGNMENT       ; SLD_STATE_BITS=11                                                                                                                                                                                                 ; --                           ; --          ; auto_signaltap_0 ;
; SLD_NODE_PARAMETER_ASSIGNMENT       ; SLD_BUFFER_FULL_STOP=1                                                                                                                                                                                            ; --                           ; --          ; auto_signaltap_0 ;
; SLD_NODE_PARAMETER_ASSIGNMENT       ; SLD_CURRENT_RESOURCE_WIDTH=1                                                                                                                                                                                      ; --                           ; --          ; auto_signaltap_0 ;
; SLD_NODE_PARAMETER_ASSIGNMENT       ; SLD_TRIGGER_LEVEL=1                                                                                                                                                                                               ; --                           ; --          ; auto_signaltap_0 ;
; SLD_NODE_PARAMETER_ASSIGNMENT       ; SLD_TRIGGER_IN_ENABLED=0                                                                                                                                                                                          ; --                           ; --          ; auto_signaltap_0 ;
; SLD_NODE_PARAMETER_ASSIGNMENT       ; SLD_ADVANCED_TRIGGER_ENTITY=basic,1,                                                                                                                                                                              ; --                           ; --          ; auto_signaltap_0 ;
; SLD_NODE_PARAMETER_ASSIGNMENT       ; SLD_TRIGGER_LEVEL_PIPELINE=1                                                                                                                                                                                      ; --                           ; --          ; auto_signaltap_0 ;
; SLD_NODE_PARAMETER_ASSIGNMENT       ; SLD_ENABLE_ADVANCED_TRIGGER=0                                                                                                                                                                                     ; --                           ; --          ; auto_signaltap_0 ;
; SLD_NODE_PARAMETER_ASSIGNMENT       ; SLD_SEGMENT_SIZE=2048                                                                                                                                                                                             ; --                           ; --          ; auto_signaltap_0 ;
; SLD_NODE_PARAMETER_ASSIGNMENT       ; SLD_SAMPLE_DEPTH=2048                                                                                                                                                                                             ; --                           ; --          ; auto_signaltap_0 ;
; SLD_NODE_PARAMETER_ASSIGNMENT       ; SLD_DATA_BITS=55                                                                                                                                                                                                  ; --                           ; --          ; auto_signaltap_0 ;
; SLD_NODE_PARAMETER_ASSIGNMENT       ; SLD_TRIGGER_BITS=55                                                                                                                                                                                               ; --                           ; --          ; auto_signaltap_0 ;
; SLD_NODE_PARAMETER_ASSIGNMENT       ; SLD_INVERSION_MASK=0000000000000000000000000000000000000000000000000000000000000000000000000000000000000000000000000000000000000000000000000000000000000000000000000000000000000000000000000000000000000000000000 ; --                           ; --          ; auto_signaltap_0 ;
; SLD_NODE_PARAMETER_ASSIGNMENT       ; SLD_INVERSION_MASK_LENGTH=190                                                                                                                                                                                     ; --                           ; --          ; auto_signaltap_0 ;
; SLD_NODE_PARAMETER_ASSIGNMENT       ; SLD_NODE_CRC_LOWORD=18728                                                                                                                                                                                         ; --                           ; --          ; auto_signaltap_0 ;
; SLD_NODE_PARAMETER_ASSIGNMENT       ; SLD_NODE_CRC_HIWORD=18295                                                                                                                                                                                         ; --                           ; --          ; auto_signaltap_0 ;
; SMART_RECOMPILE                     ; On                                                                                                                                                                                                                ; Off                          ; --          ; --               ;
; TOP_LEVEL_ENTITY                    ; Top_MedOIP                                                                                                                                                                                                        ; MedOIP                       ; --          ; --               ;
; USE_SIGNALTAP_FILE                  ; stp1.stp                                                                                                                                                                                                          ; --                           ; --          ; --               ;
+-------------------------------------+-------------------------------------------------------------------------------------------------------------------------------------------------------------------------------------------------------------------+------------------------------+-------------+------------------+


+-------------------------------------------------------------------------------------------------------------------------------+
; Flow Elapsed Time                                                                                                             ;
+---------------------------+--------------+-------------------------+---------------------+------------------------------------+
; Module Name               ; Elapsed Time ; Average Processors Used ; Peak Virtual Memory ; Total CPU Time (on all processors) ;
+---------------------------+--------------+-------------------------+---------------------+------------------------------------+
; Analysis & Synthesis      ; 00:00:09     ; 1.0                     ; 441 MB              ; 00:00:08                           ;
; Fitter                    ; 00:00:13     ; 1.7                     ; 641 MB              ; 00:00:17                           ;
; Assembler                 ; 00:00:04     ; 1.0                     ; 480 MB              ; 00:00:04                           ;
; TimeQuest Timing Analyzer ; 00:00:04     ; 2.7                     ; 428 MB              ; 00:00:03                           ;
; Total                     ; 00:00:30     ; --                      ; --                  ; 00:00:32                           ;
+---------------------------+--------------+-------------------------+---------------------+------------------------------------+


+----------------------------------------------------------------------------------------+
; Flow OS Summary                                                                        ;
+---------------------------+------------------+-----------+------------+----------------+
; Module Name               ; Machine Hostname ; OS Name   ; OS Version ; Processor type ;
+---------------------------+------------------+-----------+------------+----------------+
; Analysis & Synthesis      ; LNLS267          ; Windows 7 ; 6.1        ; x86_64         ;
; Fitter                    ; LNLS267          ; Windows 7 ; 6.1        ; x86_64         ;
; Assembler                 ; LNLS267          ; Windows 7 ; 6.1        ; x86_64         ;
; TimeQuest Timing Analyzer ; LNLS267          ; Windows 7 ; 6.1        ; x86_64         ;
+---------------------------+------------------+-----------+------------+----------------+


------------
; Flow Log ;
------------
quartus_map --read_settings_files=on --write_settings_files=off MedOIP -c MedOIP
quartus_fit --read_settings_files=off --write_settings_files=off MedOIP -c MedOIP
quartus_asm --read_settings_files=off --write_settings_files=off MedOIP -c MedOIP
quartus_sta MedOIP -c MedOIP



